0 info it worked if it ends with ok
1 verbose cli [ '/usr/bin/node',
1 verbose cli   '/usr/bin/npm',
1 verbose cli   'install',
1 verbose cli   'node-restful--save' ]
2 info using npm@1.4.28
3 info using node@v0.10.35
4 verbose node symlink /usr/bin/node
5 warn package.json restApi@1.0.0 No repository field.
6 warn package.json restApi@1.0.0 No README data
7 verbose readDependencies using package.json deps
8 verbose cache add [ 'node-restful--save', null ]
9 verbose cache add name=undefined spec="node-restful--save" args=["node-restful--save",null]
10 verbose parsed url { protocol: null,
10 verbose parsed url   slashes: null,
10 verbose parsed url   auth: null,
10 verbose parsed url   host: null,
10 verbose parsed url   port: null,
10 verbose parsed url   hostname: null,
10 verbose parsed url   hash: null,
10 verbose parsed url   search: null,
10 verbose parsed url   query: null,
10 verbose parsed url   pathname: 'node-restful--save',
10 verbose parsed url   path: 'node-restful--save',
10 verbose parsed url   href: 'node-restful--save' }
11 silly lockFile 7f2665cf-node-restful-save node-restful--save
12 verbose lock node-restful--save /home/ahmed/.npm/7f2665cf-node-restful-save.lock
13 silly lockFile 7f2665cf-node-restful-save node-restful--save
14 silly lockFile 7f2665cf-node-restful-save node-restful--save
15 verbose addNamed [ 'node-restful--save', '' ]
16 verbose addNamed [ null, '*' ]
17 silly lockFile 5dfa2d6b-node-restful-save node-restful--save@
18 verbose lock node-restful--save@ /home/ahmed/.npm/5dfa2d6b-node-restful-save.lock
19 silly addNameRange { name: 'node-restful--save', range: '*', hasData: false }
20 verbose request where is /node-restful--save
21 verbose request registry https://registry.npmjs.org/
22 verbose request id 4548c46961e4a5c6
23 verbose url raw /node-restful--save
24 verbose url resolving [ 'https://registry.npmjs.org/', './node-restful--save' ]
25 verbose url resolved https://registry.npmjs.org/node-restful--save
26 verbose request where is https://registry.npmjs.org/node-restful--save
27 info trying registry request attempt 1 at 14:33:06
28 http GET https://registry.npmjs.org/node-restful--save
29 http 404 https://registry.npmjs.org/node-restful--save
30 verbose headers { date: 'Sun, 18 Jan 2015 13:33:07 GMT',
30 verbose headers   server: 'CouchDB/1.5.0 (Erlang OTP/R16B03)',
30 verbose headers   'content-type': 'application/json',
30 verbose headers   'cache-control': 'max-age=0',
30 verbose headers   'content-length': '52',
30 verbose headers   'accept-ranges': 'bytes',
30 verbose headers   via: '1.1 varnish',
30 verbose headers   age: '0',
30 verbose headers   'x-served-by': 'cache-fra1226-FRA',
30 verbose headers   'x-cache': 'MISS',
30 verbose headers   'x-cache-hits': '0',
30 verbose headers   'x-timer': 'S1421587987.020998,VS0,VE105',
30 verbose headers   'keep-alive': 'timeout=10, max=50',
30 verbose headers   connection: 'Keep-Alive' }
31 silly registry.get cb [ 404,
31 silly registry.get   { date: 'Sun, 18 Jan 2015 13:33:07 GMT',
31 silly registry.get     server: 'CouchDB/1.5.0 (Erlang OTP/R16B03)',
31 silly registry.get     'content-type': 'application/json',
31 silly registry.get     'cache-control': 'max-age=0',
31 silly registry.get     'content-length': '52',
31 silly registry.get     'accept-ranges': 'bytes',
31 silly registry.get     via: '1.1 varnish',
31 silly registry.get     age: '0',
31 silly registry.get     'x-served-by': 'cache-fra1226-FRA',
31 silly registry.get     'x-cache': 'MISS',
31 silly registry.get     'x-cache-hits': '0',
31 silly registry.get     'x-timer': 'S1421587987.020998,VS0,VE105',
31 silly registry.get     'keep-alive': 'timeout=10, max=50',
31 silly registry.get     connection: 'Keep-Alive' } ]
32 silly lockFile 5dfa2d6b-node-restful-save node-restful--save@
33 silly lockFile 5dfa2d6b-node-restful-save node-restful--save@
34 error 404 404 Not Found: node-restful--save
34 error 404
34 error 404 'node-restful--save' is not in the npm registry.
34 error 404 You should bug the author to publish it
34 error 404 It was specified as a dependency of 'restApi'
34 error 404
34 error 404 Maybe try 'npm search restful  save'
34 error 404
34 error 404 Note that you can also install from a
34 error 404 tarball, folder, or http url, or git url.
35 error System Linux 3.13.0-43-generic
36 error command "/usr/bin/node" "/usr/bin/npm" "install" "node-restful--save"
37 error cwd /home/ahmed/Desktop/node/maky/restApi
38 error node -v v0.10.35
39 error npm -v 1.4.28
40 error code E404
41 verbose exit [ 1, true ]
